Traceback (most recent call last):
  File "/opt/hostedtoolcache/Python/3.11.15/x64/lib/python3.11/site-packages/jupyter_cache/executors/utils.py", line 58, in single_nb_execution
    executenb(
  File "/opt/hostedtoolcache/Python/3.11.15/x64/lib/python3.11/site-packages/nbclient/client.py", line 1323, in execute
    return NotebookClient(nb=nb, resources=resources, km=km, **kwargs).execute()
           ^^^^^^^^^^^^^^^^^^^^^^^^^^^^^^^^^^^^^^^^^^^^^^^^^^^^^^^^^^^^^^^^^^^^^
  File "/opt/hostedtoolcache/Python/3.11.15/x64/lib/python3.11/site-packages/jupyter_core/utils/__init__.py", line 165, in wrapped
    return loop.run_until_complete(inner)
           ^^^^^^^^^^^^^^^^^^^^^^^^^^^^^^
  File "/opt/hostedtoolcache/Python/3.11.15/x64/lib/python3.11/asyncio/base_events.py", line 654, in run_until_complete
    return future.result()
           ^^^^^^^^^^^^^^^
  File "/opt/hostedtoolcache/Python/3.11.15/x64/lib/python3.11/site-packages/nbclient/client.py", line 709, in async_execute
    await self.async_execute_cell(
  File "/opt/hostedtoolcache/Python/3.11.15/x64/lib/python3.11/site-packages/nbclient/client.py", line 1062, in async_execute_cell
    await self._check_raise_for_error(cell, cell_index, exec_reply)
  File "/opt/hostedtoolcache/Python/3.11.15/x64/lib/python3.11/site-packages/nbclient/client.py", line 918, in _check_raise_for_error
    raise CellExecutionError.from_cell_and_msg(cell, exec_reply_content)
nbclient.exceptions.CellExecutionError: An error occurred while executing the following cell:
------------------
from policyengine import Simulation

sim = Simulation(
    scope="macro",
    country="us",
    time_period=2025,
)

result = sim.calculate_single_economy()
------------------

----- stderr -----
/opt/hostedtoolcache/Python/3.11.15/x64/lib/python3.11/site-packages/tqdm/auto.py:21: TqdmWarning: IProgress not found. Please update jupyter and ipywidgets. See https://ipywidgets.readthedocs.io/en/stable/user_install.html
  from .autonotebook import tqdm as notebook_tqdm
----- stderr -----
No data provided, using default dataset: gs://policyengine-us-data/enhanced_cps_2024.h5
Using dataset: gs://policyengine-us-data/enhanced_cps_2024.h5
Downloading enhanced_cps_2024.h5 from bucket policyengine-us-data
------------------

[0;31m---------------------------------------------------------------------------[0m
[0;31mDefaultCredentialsError[0m                   Traceback (most recent call last)
Cell [0;32mIn[1], line 3[0m
[1;32m      1[0m [38;5;28;01mfrom[39;00m[38;5;250m [39m[38;5;21;01mpolicyengine[39;00m[38;5;250m [39m[38;5;28;01mimport[39;00m Simulation
[0;32m----> 3[0m sim [38;5;241m=[39m [43mSimulation[49m[43m([49m
[1;32m      4[0m [43m    [49m[43mscope[49m[38;5;241;43m=[39;49m[38;5;124;43m"[39;49m[38;5;124;43mmacro[39;49m[38;5;124;43m"[39;49m[43m,[49m
[1;32m      5[0m [43m    [49m[43mcountry[49m[38;5;241;43m=[39;49m[38;5;124;43m"[39;49m[38;5;124;43mus[39;49m[38;5;124;43m"[39;49m[43m,[49m
[1;32m      6[0m [43m    [49m[43mtime_period[49m[38;5;241;43m=[39;49m[38;5;241;43m2025[39;49m[43m,[49m
[1;32m      7[0m [43m)[49m
[1;32m      9[0m result [38;5;241m=[39m sim[38;5;241m.[39mcalculate_single_economy()

File [0;32m~/work/policyengine.py/policyengine.py/policyengine/simulation.py:181[0m, in [0;36mSimulation.__init__[0;34m(self, **options)[0m
[1;32m    177[0m [38;5;28;01mif[39;00m [38;5;129;01mnot[39;00m [38;5;28misinstance[39m([38;5;28mself[39m[38;5;241m.[39moptions[38;5;241m.[39mdata, [38;5;28mdict[39m) [38;5;129;01mand[39;00m [38;5;129;01mnot[39;00m [38;5;28misinstance[39m(
[1;32m    178[0m     [38;5;28mself[39m[38;5;241m.[39moptions[38;5;241m.[39mdata, Dataset
[1;32m    179[0m ):
[1;32m    180[0m     logging[38;5;241m.[39mdebug([38;5;124m"[39m[38;5;124mLoading data[39m[38;5;124m"[39m)
[0;32m--> 181[0m     [38;5;28;43mself[39;49m[38;5;241;43m.[39;49m[43m_set_data[49m[43m([49m[38;5;28;43mself[39;49m[38;5;241;43m.[39;49m[43moptions[49m[38;5;241;43m.[39;49m[43mdata[49m[43m)[49m
[1;32m    182[0m     logging[38;5;241m.[39minfo([38;5;124m"[39m[38;5;124mData loaded[39m[38;5;124m"[39m)
[1;32m    183[0m [38;5;28mself[39m[38;5;241m.[39m_initialise_simulations()

File [0;32m~/work/policyengine.py/policyengine.py/policyengine/simulation.py:227[0m, in [0;36mSimulation._set_data[0;34m(self, file_address)[0m
[1;32m    224[0m [38;5;28mprint[39m([38;5;124mf[39m[38;5;124m"[39m[38;5;124mUsing dataset: [39m[38;5;132;01m{[39;00mfile_address[38;5;132;01m}[39;00m[38;5;124m"[39m, file[38;5;241m=[39msys[38;5;241m.[39mstderr)
[1;32m    226[0m [38;5;66;03m# Step 2: Acquire the file (download if PE dataset, or use local path)[39;00m
[0;32m--> 227[0m filepath, version [38;5;241m=[39m [38;5;28;43mself[39;49m[38;5;241;43m.[39;49m[43m_acquire_dataset_file[49m[43m([49m[43mfile_address[49m[43m)[49m
[1;32m    228[0m [38;5;28mself[39m[38;5;241m.[39mdata_version [38;5;241m=[39m version
[1;32m    230[0m [38;5;66;03m# Step 3: Load into country-specific format[39;00m

File [0;32m~/work/policyengine.py/policyengine.py/policyengine/simulation.py:256[0m, in [0;36mSimulation._acquire_dataset_file[0;34m(self, file_address)[0m
[1;32m    251[0m [38;5;250m[39m[38;5;124;03m"""[39;00m
[1;32m    252[0m [38;5;124;03mGet the dataset file, downloading from GCS if it's a GCS path.[39;00m
[1;32m    253[0m [38;5;124;03mReturns (filepath, version) where version is None for local files.[39;00m
[1;32m    254[0m [38;5;124;03m"""[39;00m
[1;32m    255[0m [38;5;28;01mif[39;00m file_address[38;5;241m.[39mstartswith([38;5;124m"[39m[38;5;124mgs://[39m[38;5;124m"[39m):
[0;32m--> 256[0m     [38;5;28;01mreturn[39;00m [38;5;28;43mself[39;49m[38;5;241;43m.[39;49m[43m_set_data_from_gs[49m[43m([49m[43mfile_address[49m[43m)[49m
[1;32m    257[0m [38;5;28;01melse[39;00m:
[1;32m    258[0m     [38;5;66;03m# Local file - no download needed, no version available[39;00m
[1;32m    259[0m     [38;5;28;01mreturn[39;00m file_address, [38;5;28;01mNone[39;00m

File [0;32m~/work/policyengine.py/policyengine.py/policyengine/simulation.py:658[0m, in [0;36mSimulation._set_data_from_gs[0;34m(self, file_address)[0m
[1;32m    654[0m version [38;5;241m=[39m [38;5;28mself[39m[38;5;241m.[39moptions[38;5;241m.[39mdata_version [38;5;129;01mor[39;00m url_version
[1;32m    656[0m [38;5;28mprint[39m([38;5;124mf[39m[38;5;124m"[39m[38;5;124mDownloading [39m[38;5;132;01m{[39;00mgcs_key[38;5;132;01m}[39;00m[38;5;124m from bucket [39m[38;5;132;01m{[39;00mbucket[38;5;132;01m}[39;00m[38;5;124m"[39m, file[38;5;241m=[39msys[38;5;241m.[39mstderr)
[0;32m--> 658[0m local_path, version [38;5;241m=[39m [43mdownload[49m[43m([49m
[1;32m    659[0m [43m    [49m[43mgcs_key[49m[38;5;241;43m=[39;49m[43mgcs_key[49m[43m,[49m
[1;32m    660[0m [43m    [49m[43mgcs_bucket[49m[38;5;241;43m=[39;49m[43mbucket[49m[43m,[49m
[1;32m    661[0m [43m    [49m[43mversion[49m[38;5;241;43m=[39;49m[43mversion[49m[43m,[49m
[1;32m    662[0m [43m    [49m[43mreturn_version[49m[38;5;241;43m=[39;49m[38;5;28;43;01mTrue[39;49;00m[43m,[49m
[1;32m    663[0m [43m[49m[43m)[49m
[1;32m    665[0m [38;5;28;01mreturn[39;00m local_path, version

File [0;32m~/work/policyengine.py/policyengine.py/policyengine/utils/data_download.py:38[0m, in [0;36mdownload[0;34m(gcs_key, gcs_bucket, version, return_version)[0m
[1;32m     21[0m [38;5;250m[39m[38;5;124;03m"""[39;00m
[1;32m     22[0m [38;5;124;03mDownload a file from Google Cloud Storage.[39;00m
[1;32m     23[0m 
[0;32m   (...)[0m
[1;32m     35[0m [38;5;124;03m    Otherwise: just the local_path string[39;00m
[1;32m     36[0m [38;5;124;03m"""[39;00m
[1;32m     37[0m logging[38;5;241m.[39minfo([38;5;124m"[39m[38;5;124mUsing Google Cloud Storage for download.[39m[38;5;124m"[39m)
[0;32m---> 38[0m local_path, downloaded_version [38;5;241m=[39m [43mdownload_file_from_gcs[49m[43m([49m
[1;32m     39[0m [43m    [49m[43mbucket_name[49m[38;5;241;43m=[39;49m[43mgcs_bucket[49m[43m,[49m
[1;32m     40[0m [43m    [49m[43mgcs_key[49m[38;5;241;43m=[39;49m[43mgcs_key[49m[43m,[49m
[1;32m     41[0m [43m    [49m[43mversion[49m[38;5;241;43m=[39;49m[43mversion[49m[43m,[49m
[1;32m     42[0m [43m[49m[43m)[49m
[1;32m     43[0m [38;5;28;01mif[39;00m return_version:
[1;32m     44[0m     [38;5;28;01mreturn[39;00m local_path, downloaded_version

File [0;32m~/work/policyengine.py/policyengine.py/policyengine/utils/google_cloud_bucket.py:75[0m, in [0;36mdownload_file_from_gcs[0;34m(bucket_name, gcs_key, version)[0m
[1;32m     72[0m local_path [38;5;241m=[39m DATASETS_DIR [38;5;241m/[39m gcs_key
[1;32m     73[0m local_path[38;5;241m.[39mparent[38;5;241m.[39mmkdir(parents[38;5;241m=[39m[38;5;28;01mTrue[39;00m, exist_ok[38;5;241m=[39m[38;5;28;01mTrue[39;00m)
[0;32m---> 75[0m version [38;5;241m=[39m [43m_get_client[49m[43m([49m[43m)[49m[38;5;241m.[39mdownload(
[1;32m     76[0m     bucket_name,
[1;32m     77[0m     gcs_key,
[1;32m     78[0m     local_path,
[1;32m     79[0m     version[38;5;241m=[39mversion,
[1;32m     80[0m     return_version[38;5;241m=[39m[38;5;28;01mTrue[39;00m,
[1;32m     81[0m )
[1;32m     82[0m [38;5;28;01mreturn[39;00m [38;5;28mstr[39m(local_path), version

File [0;32m~/work/policyengine.py/policyengine.py/policyengine/utils/google_cloud_bucket.py:31[0m, in [0;36m_get_client[0;34m()[0m
[1;32m     29[0m [38;5;28;01mif[39;00m _caching_client [38;5;129;01mis[39;00m [38;5;129;01mnot[39;00m [38;5;28;01mNone[39;00m:
[1;32m     30[0m     [38;5;28;01mreturn[39;00m _caching_client
[0;32m---> 31[0m _caching_client [38;5;241m=[39m [43mCachingGoogleStorageClient[49m[43m([49m[43m)[49m
[1;32m     32[0m [38;5;28;01mreturn[39;00m _caching_client

File [0;32m~/work/policyengine.py/policyengine.py/policyengine/utils/data/caching_google_storage_client.py:26[0m, in [0;36mCachingGoogleStorageClient.__init__[0;34m(self)[0m
[1;32m     25[0m [38;5;28;01mdef[39;00m[38;5;250m [39m[38;5;21m__init__[39m([38;5;28mself[39m):
[0;32m---> 26[0m     [38;5;28mself[39m[38;5;241m.[39mclient [38;5;241m=[39m [43mVersionAwareStorageClient[49m[43m([49m[43m)[49m
[1;32m     27[0m     [38;5;28mself[39m[38;5;241m.[39mcache [38;5;241m=[39m diskcache[38;5;241m.[39mCache()

File [0;32m~/work/policyengine.py/policyengine.py/policyengine/utils/data/version_aware_storage_client.py:34[0m, in [0;36mVersionAwareStorageClient.__init__[0;34m(self)[0m
[1;32m     33[0m [38;5;28;01mdef[39;00m[38;5;250m [39m[38;5;21m__init__[39m([38;5;28mself[39m):
[0;32m---> 34[0m     [38;5;28mself[39m[38;5;241m.[39mclient [38;5;241m=[39m [43mClient[49m[43m([49m[43m)[49m

File [0;32m/opt/hostedtoolcache/Python/3.11.15/x64/lib/python3.11/site-packages/google/cloud/storage/client.py:265[0m, in [0;36mClient.__init__[0;34m(self, project, credentials, _http, client_info, client_options, use_auth_w_custom_endpoint, extra_headers, api_key)[0m
[1;32m    262[0m             no_project [38;5;241m=[39m [38;5;28;01mTrue[39;00m
[1;32m    263[0m             project [38;5;241m=[39m [38;5;124m"[39m[38;5;124m<none>[39m[38;5;124m"[39m
[0;32m--> 265[0m [38;5;28;43msuper[39;49m[43m([49m[43mClient[49m[43m,[49m[43m [49m[38;5;28;43mself[39;49m[43m)[49m[38;5;241;43m.[39;49m[38;5;21;43m__init__[39;49m[43m([49m
[1;32m    266[0m [43m    [49m[43mproject[49m[38;5;241;43m=[39;49m[43mproject[49m[43m,[49m
[1;32m    267[0m [43m    [49m[43mcredentials[49m[38;5;241;43m=[39;49m[43mcredentials[49m[43m,[49m
[1;32m    268[0m [43m    [49m[43mclient_options[49m[38;5;241;43m=[39;49m[43mclient_options[49m[43m,[49m
[1;32m    269[0m [43m    [49m[43m_http[49m[38;5;241;43m=[39;49m[43m_http[49m[43m,[49m
[1;32m    270[0m [43m[49m[43m)[49m
[1;32m    272[0m [38;5;66;03m# Validate that the universe domain of the credentials matches the[39;00m
[1;32m    273[0m [38;5;66;03m# universe domain of the client.[39;00m
[1;32m    274[0m [38;5;28;01mif[39;00m [38;5;28mself[39m[38;5;241m.[39m_credentials[38;5;241m.[39muniverse_domain [38;5;241m!=[39m [38;5;28mself[39m[38;5;241m.[39muniverse_domain:

File [0;32m/opt/hostedtoolcache/Python/3.11.15/x64/lib/python3.11/site-packages/google/cloud/client/__init__.py:339[0m, in [0;36mClientWithProject.__init__[0;34m(self, project, credentials, client_options, _http)[0m
[1;32m    338[0m [38;5;28;01mdef[39;00m[38;5;250m [39m[38;5;21m__init__[39m([38;5;28mself[39m, project[38;5;241m=[39m[38;5;28;01mNone[39;00m, credentials[38;5;241m=[39m[38;5;28;01mNone[39;00m, client_options[38;5;241m=[39m[38;5;28;01mNone[39;00m, _http[38;5;241m=[39m[38;5;28;01mNone[39;00m):
[0;32m--> 339[0m     [43m_ClientProjectMixin[49m[38;5;241;43m.[39;49m[38;5;21;43m__init__[39;49m[43m([49m[38;5;28;43mself[39;49m[43m,[49m[43m [49m[43mproject[49m[38;5;241;43m=[39;49m[43mproject[49m[43m,[49m[43m [49m[43mcredentials[49m[38;5;241;43m=[39;49m[43mcredentials[49m[43m)[49m
[1;32m    340[0m     Client[38;5;241m.[39m[38;5;21m__init__[39m(
[1;32m    341[0m         [38;5;28mself[39m, credentials[38;5;241m=[39mcredentials, client_options[38;5;241m=[39mclient_options, _http[38;5;241m=[39m_http
[1;32m    342[0m     )

File [0;32m/opt/hostedtoolcache/Python/3.11.15/x64/lib/python3.11/site-packages/google/cloud/client/__init__.py:287[0m, in [0;36m_ClientProjectMixin.__init__[0;34m(self, project, credentials)[0m
[1;32m    284[0m     project [38;5;241m=[39m [38;5;28mgetattr[39m(credentials, [38;5;124m"[39m[38;5;124mproject_id[39m[38;5;124m"[39m, [38;5;28;01mNone[39;00m)
[1;32m    286[0m [38;5;28;01mif[39;00m project [38;5;129;01mis[39;00m [38;5;28;01mNone[39;00m:
[0;32m--> 287[0m     project [38;5;241m=[39m [38;5;28;43mself[39;49m[38;5;241;43m.[39;49m[43m_determine_default[49m[43m([49m[43mproject[49m[43m)[49m
[1;32m    289[0m [38;5;28;01mif[39;00m project [38;5;129;01mis[39;00m [38;5;28;01mNone[39;00m:
[1;32m    290[0m     [38;5;28;01mraise[39;00m [38;5;167;01mEnvironmentError[39;00m(
[1;32m    291[0m         [38;5;124m"[39m[38;5;124mProject was not passed and could not be [39m[38;5;124m"[39m
[1;32m    292[0m         [38;5;124m"[39m[38;5;124mdetermined from the environment.[39m[38;5;124m"[39m
[1;32m    293[0m     )

File [0;32m/opt/hostedtoolcache/Python/3.11.15/x64/lib/python3.11/site-packages/google/cloud/client/__init__.py:306[0m, in [0;36m_ClientProjectMixin._determine_default[0;34m(project)[0m
[1;32m    303[0m [38;5;129m@staticmethod[39m
[1;32m    304[0m [38;5;28;01mdef[39;00m[38;5;250m [39m[38;5;21m_determine_default[39m(project):
[1;32m    305[0m [38;5;250m    [39m[38;5;124;03m"""Helper:  use default project detection."""[39;00m
[0;32m--> 306[0m     [38;5;28;01mreturn[39;00m [43m_determine_default_project[49m[43m([49m[43mproject[49m[43m)[49m

File [0;32m/opt/hostedtoolcache/Python/3.11.15/x64/lib/python3.11/site-packages/google/cloud/_helpers/__init__.py:152[0m, in [0;36m_determine_default_project[0;34m(project)[0m
[1;32m    140[0m [38;5;250m[39m[38;5;124;03m"""Determine default project ID explicitly or implicitly as fall-back.[39;00m
[1;32m    141[0m 
[1;32m    142[0m [38;5;124;03mSee :func:`google.auth.default` for details on how the default project[39;00m
[0;32m   (...)[0m
[1;32m    149[0m [38;5;124;03m:returns: Default project if it can be determined.[39;00m
[1;32m    150[0m [38;5;124;03m"""[39;00m
[1;32m    151[0m [38;5;28;01mif[39;00m project [38;5;129;01mis[39;00m [38;5;28;01mNone[39;00m:
[0;32m--> 152[0m     _, project [38;5;241m=[39m [43mgoogle[49m[38;5;241;43m.[39;49m[43mauth[49m[38;5;241;43m.[39;49m[43mdefault[49m[43m([49m[43m)[49m
[1;32m    153[0m [38;5;28;01mreturn[39;00m project

File [0;32m/opt/hostedtoolcache/Python/3.11.15/x64/lib/python3.11/site-packages/google/auth/_default.py:752[0m, in [0;36mdefault[0;34m(scopes, request, quota_project_id, default_scopes)[0m
[1;32m    744[0m             _LOGGER[38;5;241m.[39mwarning(
[1;32m    745[0m                 [38;5;124m"[39m[38;5;124mNo project ID could be determined. Consider running [39m[38;5;124m"[39m
[1;32m    746[0m                 [38;5;124m"[39m[38;5;124m`gcloud config set project` or setting the [39m[38;5;132;01m%s[39;00m[38;5;124m [39m[38;5;124m"[39m
[1;32m    747[0m                 [38;5;124m"[39m[38;5;124menvironment variable[39m[38;5;124m"[39m,
[1;32m    748[0m                 environment_vars[38;5;241m.[39mPROJECT,
[1;32m    749[0m             )
[1;32m    750[0m         [38;5;28;01mreturn[39;00m credentials, effective_project_id
[0;32m--> 752[0m [38;5;28;01mraise[39;00m exceptions[38;5;241m.[39mDefaultCredentialsError(_CLOUD_SDK_MISSING_CREDENTIALS)

[0;31mDefaultCredentialsError[0m: Your default credentials were not found. To set up Application Default Credentials, see https://cloud.google.com/docs/authentication/external/set-up-adc for more information.

