Traceback (most recent call last):
  File "/opt/hostedtoolcache/Python/3.12.9/x64/lib/python3.12/site-packages/jupyter_cache/executors/utils.py", line 58, in single_nb_execution
    executenb(
  File "/opt/hostedtoolcache/Python/3.12.9/x64/lib/python3.12/site-packages/nbclient/client.py", line 1319, in execute
    return NotebookClient(nb=nb, resources=resources, km=km, **kwargs).execute()
           ^^^^^^^^^^^^^^^^^^^^^^^^^^^^^^^^^^^^^^^^^^^^^^^^^^^^^^^^^^^^^^^^^^^^^
  File "/opt/hostedtoolcache/Python/3.12.9/x64/lib/python3.12/site-packages/jupyter_core/utils/__init__.py", line 165, in wrapped
    return loop.run_until_complete(inner)
           ^^^^^^^^^^^^^^^^^^^^^^^^^^^^^^
  File "/opt/hostedtoolcache/Python/3.12.9/x64/lib/python3.12/asyncio/base_events.py", line 691, in run_until_complete
    return future.result()
           ^^^^^^^^^^^^^^^
  File "/opt/hostedtoolcache/Python/3.12.9/x64/lib/python3.12/site-packages/nbclient/client.py", line 709, in async_execute
    await self.async_execute_cell(
  File "/opt/hostedtoolcache/Python/3.12.9/x64/lib/python3.12/site-packages/nbclient/client.py", line 1062, in async_execute_cell
    await self._check_raise_for_error(cell, cell_index, exec_reply)
  File "/opt/hostedtoolcache/Python/3.12.9/x64/lib/python3.12/site-packages/nbclient/client.py", line 918, in _check_raise_for_error
    raise CellExecutionError.from_cell_and_msg(cell, exec_reply_content)
nbclient.exceptions.CellExecutionError: An error occurred while executing the following cell:
------------------
from policyengine import Simulation

sim = Simulation(
    scope="household",
    country="us",
    data={ # Required for this
        "people": {
            "person": {
                "age": {
                    "2025": 30,
                },
                "employment_income": {
                    "2025": 30_000,
                },
            }
        }
    },
    reform={
        "gov.usda.snap.income.deductions.earned_income": {
            "2025": 0.05
        }
    }
)

sim.calculate_single_household()
------------------

----- stderr -----
/opt/hostedtoolcache/Python/3.12.9/x64/lib/python3.12/site-packages/tqdm/auto.py:21: TqdmWarning: IProgress not found. Please update jupyter and ipywidgets. See https://ipywidgets.readthedocs.io/en/stable/user_install.html
  from .autonotebook import tqdm as notebook_tqdm
------------------

[0;31m---------------------------------------------------------------------------[0m
[0;31mValueError[0m                                Traceback (most recent call last)
Cell [0;32mIn[1], line 25[0m
[1;32m      1[0m [38;5;28;01mfrom[39;00m[38;5;250m [39m[38;5;21;01mpolicyengine[39;00m[38;5;250m [39m[38;5;28;01mimport[39;00m Simulation
[1;32m      3[0m sim [38;5;241m=[39m Simulation(
[1;32m      4[0m     scope[38;5;241m=[39m[38;5;124m"[39m[38;5;124mhousehold[39m[38;5;124m"[39m,
[1;32m      5[0m     country[38;5;241m=[39m[38;5;124m"[39m[38;5;124mus[39m[38;5;124m"[39m,
[0;32m   (...)[0m
[1;32m     22[0m     }
[1;32m     23[0m )
[0;32m---> 25[0m [43msim[49m[38;5;241;43m.[39;49m[43mcalculate_single_household[49m[43m([49m[43m)[49m

File [0;32m~/work/policyengine.py/policyengine.py/policyengine/outputs/household/single/calculate_single_household.py:40[0m, in [0;36mcalculate_single_household[0;34m(simulation)[0m
[1;32m     38[0m [38;5;250m[39m[38;5;124;03m"""Calculate household statistics for a single household scenario."""[39;00m
[1;32m     39[0m [38;5;28;01mif[39;00m simulation[38;5;241m.[39mis_comparison:
[0;32m---> 40[0m     [38;5;28;01mraise[39;00m [38;5;167;01mValueError[39;00m(
[1;32m     41[0m         [38;5;124m"[39m[38;5;124mThis function is for single economy simulations only.[39m[38;5;124m"[39m
[1;32m     42[0m     )
[1;32m     44[0m [38;5;28;01mreturn[39;00m SingleHousehold(
[1;32m     45[0m     full_household[38;5;241m=[39mfill_and_calculate(
[1;32m     46[0m         simulation[38;5;241m.[39moptions[38;5;241m.[39mdata, simulation[38;5;241m.[39mbaseline_simulation
[1;32m     47[0m     )
[1;32m     48[0m )

[0;31mValueError[0m: This function is for single economy simulations only.

