Traceback (most recent call last):
  File "/opt/hostedtoolcache/Python/3.12.9/x64/lib/python3.12/site-packages/jupyter_cache/executors/utils.py", line 58, in single_nb_execution
    executenb(
  File "/opt/hostedtoolcache/Python/3.12.9/x64/lib/python3.12/site-packages/nbclient/client.py", line 1319, in execute
    return NotebookClient(nb=nb, resources=resources, km=km, **kwargs).execute()
           ^^^^^^^^^^^^^^^^^^^^^^^^^^^^^^^^^^^^^^^^^^^^^^^^^^^^^^^^^^^^^^^^^^^^^
  File "/opt/hostedtoolcache/Python/3.12.9/x64/lib/python3.12/site-packages/jupyter_core/utils/__init__.py", line 165, in wrapped
    return loop.run_until_complete(inner)
           ^^^^^^^^^^^^^^^^^^^^^^^^^^^^^^
  File "/opt/hostedtoolcache/Python/3.12.9/x64/lib/python3.12/asyncio/base_events.py", line 691, in run_until_complete
    return future.result()
           ^^^^^^^^^^^^^^^
  File "/opt/hostedtoolcache/Python/3.12.9/x64/lib/python3.12/site-packages/nbclient/client.py", line 709, in async_execute
    await self.async_execute_cell(
  File "/opt/hostedtoolcache/Python/3.12.9/x64/lib/python3.12/site-packages/nbclient/client.py", line 1062, in async_execute_cell
    await self._check_raise_for_error(cell, cell_index, exec_reply)
  File "/opt/hostedtoolcache/Python/3.12.9/x64/lib/python3.12/site-packages/nbclient/client.py", line 918, in _check_raise_for_error
    raise CellExecutionError.from_cell_and_msg(cell, exec_reply_content)
nbclient.exceptions.CellExecutionError: An error occurred while executing the following cell:
------------------
# First, set up the simulation

from policyengine import Simulation
from policyengine.outputs.macro.comparison.charts import *

sim = Simulation({
    "country": "uk",
    "scope": "macro",
    "reform": {
        "gov.hmrc.income_tax.allowances.personal_allowance.amount": 10_000,
    },
    "title": "Lowering the personal allowance to £10,000" # Required for charts
})

from policyengine.utils.charts import add_fonts

add_fonts() # Load the right font (Roboto Serif) in this notebook
------------------

----- stderr -----
/opt/hostedtoolcache/Python/3.12.9/x64/lib/python3.12/site-packages/tqdm/auto.py:21: TqdmWarning: IProgress not found. Please update jupyter and ipywidgets. See https://ipywidgets.readthedocs.io/en/stable/user_install.html
  from .autonotebook import tqdm as notebook_tqdm
------------------

[0;31m---------------------------------------------------------------------------[0m
[0;31mTypeError[0m                                 Traceback (most recent call last)
Cell [0;32mIn[1], line 6[0m
[1;32m      3[0m [38;5;28;01mfrom[39;00m[38;5;250m [39m[38;5;21;01mpolicyengine[39;00m[38;5;250m [39m[38;5;28;01mimport[39;00m Simulation
[1;32m      4[0m [38;5;28;01mfrom[39;00m[38;5;250m [39m[38;5;21;01mpolicyengine[39;00m[38;5;21;01m.[39;00m[38;5;21;01moutputs[39;00m[38;5;21;01m.[39;00m[38;5;21;01mmacro[39;00m[38;5;21;01m.[39;00m[38;5;21;01mcomparison[39;00m[38;5;21;01m.[39;00m[38;5;21;01mcharts[39;00m[38;5;250m [39m[38;5;28;01mimport[39;00m [38;5;241m*[39m
[0;32m----> 6[0m sim [38;5;241m=[39m [43mSimulation[49m[43m([49m[43m{[49m
[1;32m      7[0m [43m    [49m[38;5;124;43m"[39;49m[38;5;124;43mcountry[39;49m[38;5;124;43m"[39;49m[43m:[49m[43m [49m[38;5;124;43m"[39;49m[38;5;124;43muk[39;49m[38;5;124;43m"[39;49m[43m,[49m
[1;32m      8[0m [43m    [49m[38;5;124;43m"[39;49m[38;5;124;43mscope[39;49m[38;5;124;43m"[39;49m[43m:[49m[43m [49m[38;5;124;43m"[39;49m[38;5;124;43mmacro[39;49m[38;5;124;43m"[39;49m[43m,[49m
[1;32m      9[0m [43m    [49m[38;5;124;43m"[39;49m[38;5;124;43mreform[39;49m[38;5;124;43m"[39;49m[43m:[49m[43m [49m[43m{[49m
[1;32m     10[0m [43m        [49m[38;5;124;43m"[39;49m[38;5;124;43mgov.hmrc.income_tax.allowances.personal_allowance.amount[39;49m[38;5;124;43m"[39;49m[43m:[49m[43m [49m[38;5;241;43m10_000[39;49m[43m,[49m
[1;32m     11[0m [43m    [49m[43m}[49m[43m,[49m
[1;32m     12[0m [43m    [49m[38;5;124;43m"[39;49m[38;5;124;43mtitle[39;49m[38;5;124;43m"[39;49m[43m:[49m[43m [49m[38;5;124;43m"[39;49m[38;5;124;43mLowering the personal allowance to £10,000[39;49m[38;5;124;43m"[39;49m[43m [49m[38;5;66;43;03m# Required for charts[39;49;00m
[1;32m     13[0m [43m}[49m[43m)[49m
[1;32m     15[0m [38;5;28;01mfrom[39;00m[38;5;250m [39m[38;5;21;01mpolicyengine[39;00m[38;5;21;01m.[39;00m[38;5;21;01mutils[39;00m[38;5;21;01m.[39;00m[38;5;21;01mcharts[39;00m[38;5;250m [39m[38;5;28;01mimport[39;00m add_fonts
[1;32m     17[0m add_fonts() [38;5;66;03m# Load the right font (Roboto Serif) in this notebook[39;00m

[0;31mTypeError[0m: Simulation.__init__() takes 1 positional argument but 2 were given

