Traceback (most recent call last):
  File "/opt/hostedtoolcache/Python/3.12.9/x64/lib/python3.12/site-packages/jupyter_cache/executors/utils.py", line 58, in single_nb_execution
    executenb(
  File "/opt/hostedtoolcache/Python/3.12.9/x64/lib/python3.12/site-packages/nbclient/client.py", line 1319, in execute
    return NotebookClient(nb=nb, resources=resources, km=km, **kwargs).execute()
           ^^^^^^^^^^^^^^^^^^^^^^^^^^^^^^^^^^^^^^^^^^^^^^^^^^^^^^^^^^^^^^^^^^^^^
  File "/opt/hostedtoolcache/Python/3.12.9/x64/lib/python3.12/site-packages/jupyter_core/utils/__init__.py", line 165, in wrapped
    return loop.run_until_complete(inner)
           ^^^^^^^^^^^^^^^^^^^^^^^^^^^^^^
  File "/opt/hostedtoolcache/Python/3.12.9/x64/lib/python3.12/asyncio/base_events.py", line 691, in run_until_complete
    return future.result()
           ^^^^^^^^^^^^^^^
  File "/opt/hostedtoolcache/Python/3.12.9/x64/lib/python3.12/site-packages/nbclient/client.py", line 709, in async_execute
    await self.async_execute_cell(
  File "/opt/hostedtoolcache/Python/3.12.9/x64/lib/python3.12/site-packages/nbclient/client.py", line 1062, in async_execute_cell
    await self._check_raise_for_error(cell, cell_index, exec_reply)
  File "/opt/hostedtoolcache/Python/3.12.9/x64/lib/python3.12/site-packages/nbclient/client.py", line 918, in _check_raise_for_error
    raise CellExecutionError.from_cell_and_msg(cell, exec_reply_content)
nbclient.exceptions.CellExecutionError: An error occurred while executing the following cell:
------------------
from policyengine import Simulation

sim = Simulation({
    "scope": "macro",
    "country": "uk",
    "time_period": 2025,
    "reform": {
        "gov.hmrc.income_tax.allowances.personal_allowance.amount": 15000
    },
})

sim.calculate_economy_comparison()
------------------

----- stderr -----
/opt/hostedtoolcache/Python/3.12.9/x64/lib/python3.12/site-packages/tqdm/auto.py:21: TqdmWarning: IProgress not found. Please update jupyter and ipywidgets. See https://ipywidgets.readthedocs.io/en/stable/user_install.html
  from .autonotebook import tqdm as notebook_tqdm
------------------

[0;31m---------------------------------------------------------------------------[0m
[0;31mTypeError[0m                                 Traceback (most recent call last)
Cell [0;32mIn[1], line 3[0m
[1;32m      1[0m [38;5;28;01mfrom[39;00m[38;5;250m [39m[38;5;21;01mpolicyengine[39;00m[38;5;250m [39m[38;5;28;01mimport[39;00m Simulation
[0;32m----> 3[0m sim [38;5;241m=[39m [43mSimulation[49m[43m([49m[43m{[49m
[1;32m      4[0m [43m    [49m[38;5;124;43m"[39;49m[38;5;124;43mscope[39;49m[38;5;124;43m"[39;49m[43m:[49m[43m [49m[38;5;124;43m"[39;49m[38;5;124;43mmacro[39;49m[38;5;124;43m"[39;49m[43m,[49m
[1;32m      5[0m [43m    [49m[38;5;124;43m"[39;49m[38;5;124;43mcountry[39;49m[38;5;124;43m"[39;49m[43m:[49m[43m [49m[38;5;124;43m"[39;49m[38;5;124;43muk[39;49m[38;5;124;43m"[39;49m[43m,[49m
[1;32m      6[0m [43m    [49m[38;5;124;43m"[39;49m[38;5;124;43mtime_period[39;49m[38;5;124;43m"[39;49m[43m:[49m[43m [49m[38;5;241;43m2025[39;49m[43m,[49m
[1;32m      7[0m [43m    [49m[38;5;124;43m"[39;49m[38;5;124;43mreform[39;49m[38;5;124;43m"[39;49m[43m:[49m[43m [49m[43m{[49m
[1;32m      8[0m [43m        [49m[38;5;124;43m"[39;49m[38;5;124;43mgov.hmrc.income_tax.allowances.personal_allowance.amount[39;49m[38;5;124;43m"[39;49m[43m:[49m[43m [49m[38;5;241;43m15000[39;49m
[1;32m      9[0m [43m    [49m[43m}[49m[43m,[49m
[1;32m     10[0m [43m}[49m[43m)[49m
[1;32m     12[0m sim[38;5;241m.[39mcalculate_economy_comparison()

[0;31mTypeError[0m: Simulation.__init__() takes 1 positional argument but 2 were given

